Arguments: 
  C:\Program Files\nodejs\node.exe C:\Users\M1042942\AppData\Roaming\npm\node_modules\yarn\bin\yarn.js init

PATH: 
  C:\windows\system32;C:\windows;C:\windows\System32\Wbem;C:\windows\System32\WindowsPowerShell\v1.0\;C:\windows\System32\OpenSSH\;C:\Program Files\Git\cmd;C:\Program Files\Microsoft VS Code\bin;C:\Program Files\nodejs\;C:\Program Files (x86)\OpenSSL\bin;C:\Users\M1042942\AppData\Local\Microsoft\WindowsApps;C:\Program Files\Microsoft VS Code\bin;C:\Users\M1042942\AppData\Roaming\npm;C:\Program Files (x86)\OpenSSL\bin;

Yarn version: 
  1.16.0

Node version: 
  10.15.3

Platform: 
  win32 x64

Trace: 
  SyntaxError: C:\Users\M1042942\Desktop\yarn workspace\package.json: Unexpected end of JSON input
      at JSON.parse (<anonymous>)
      at C:\Users\M1042942\AppData\Roaming\npm\node_modules\yarn\lib\cli.js:1625:59
      at Generator.next (<anonymous>)
      at step (C:\Users\M1042942\AppData\Roaming\npm\node_modules\yarn\lib\cli.js:304:30)
      at C:\Users\M1042942\AppData\Roaming\npm\node_modules\yarn\lib\cli.js:315:13

npm manifest: 
  No manifest

yarn manifest: 
  No manifest

Lockfile: 
  No lockfile
